<?xml version="1.0" encoding="UTF-8"?>
<testsuite name="is.ru.stringcalculator.CalculatorTest" tests="1" skipped="0" failures="0" errors="0" timestamp="2017-10-15T16:56:00" hostname="Harpas-MacBook-Pro.local" time="0.002">
  <properties/>
  <testcase name="testEmptyString" classname="is.ru.stringcalculator.CalculatorTest" time="0.002"/>
  <system-out><![CDATA[]]></system-out>
  <system-err><![CDATA[]]></system-err>
</testsuite>
