<?xml version="1.0" encoding="UTF-8"?>
<testsuite name="is.ru.stringcalculator.CalculatorTest" tests="6" skipped="0" failures="0" errors="0" timestamp="2017-10-15T20:53:17" hostname="Harpas-MacBook-Pro.local" time="0.003">
  <properties/>
  <testcase name="testNewLineDelimeter" classname="is.ru.stringcalculator.CalculatorTest" time="0.001"/>
  <testcase name="testMultipleNumbers" classname="is.ru.stringcalculator.CalculatorTest" time="0.0"/>
  <testcase name="testOneNegativeNumber" classname="is.ru.stringcalculator.CalculatorTest" time="0.0"/>
  <testcase name="testEmptyString" classname="is.ru.stringcalculator.CalculatorTest" time="0.0"/>
  <testcase name="testTwoNumbers" classname="is.ru.stringcalculator.CalculatorTest" time="0.0"/>
  <testcase name="testOneNumber" classname="is.ru.stringcalculator.CalculatorTest" time="0.0"/>
  <system-out><![CDATA[]]></system-out>
  <system-err><![CDATA[]]></system-err>
</testsuite>
